<?xml version="1.0" encoding="UTF-8"?>
<!-- Generated by org.testng.reporters.JUnitReportReporter -->
<testsuite hostname="LIN51015006" failures="0" tests="4" name="data_driven_API.DataDriven_Api" time="4.197" errors="0" timestamp="2022-07-19T12:56:31 IST" skipped="0">
  <testcase classname="data_driven_API.DataDriven_Api" name="postUser" time="2.743"/>
  <system-out/>
  <testcase classname="data_driven_API.DataDriven_Api" name="GetUsers" time="0.241"/>
  <system-out/>
  <testcase classname="data_driven_API.DataDriven_Api" name="UpdateUser" time="0.650"/>
  <system-out/>
  <testcase classname="data_driven_API.DataDriven_Api" name="DeleteUsers" time="0.563"/>
  <system-out/>
</testsuite> <!-- data_driven_API.DataDriven_Api -->
